[atuscontabeis.com.br/servicos.html]
[atuscontabeis.com.br/index.html]
[atuscontabeis.com.br/equipe.html]
[atuscontabeis.com.br/empresa.html]
[atuscontabeis.com.br/documentos.html]
[atuscontabeis.com.br/contato.html]
[backblue.gif]
[fade.gif]
[index.html]
[atuscontabeis.com.br/index.html]
[atuscontabeis.com.br/servicos.html]
[atuscontabeis.com.br/equipe.html]
[atuscontabeis.com.br/empresa.html]
[atuscontabeis.com.br/documentos.html]
[atuscontabeis.com.br/contato.html]
[cdn.jsdelivr.net/npm/bootstrap@5.3.3/dist/css/bootstrap.min.css]
[me.kis.v2.scr.kaspersky-labs.com/FD126C42-EBFA-4E12-B309-BB3FDD723AC1/main6ba3.js]
[me.kis.v2.scr.kaspersky-labs.com/FD126C42-EBFA-4E12-B309-BB3FDD723AC1/main2ae7.html]
[cdn.jsdelivr.net/npm/@popperjs/core@2.11.8/dist/umd/popper.min.html]
[cdn.jsdelivr.net/npm/bootstrap@5.3.3/dist/js/bootstrap.bundle.min.html]
[atuscontabeis.com.br/public/css/all-pages.html]
[www.atuscontabeis.com.br/equipe.html]
[atuscontabeis.com.br/public/css/equipe.html]
[atuscontabeis.com.br/public/svg/favicon-default.html]
[atuscontabeis.com.brcdn-cgi/l/email-protection.html]
[atuscontabeis.com.brcdn-cgi/scripts/5c5dd728/cloudflare-static/email-decode.min.html]
[static.cloudflareinsights.com/beacon.min.js/vcd15cbe7772f49c399c6a5babf22c1241717689176015.html]
[me.kis.v2.scr.kaspersky-labs.com/FD126C42-EBFA-4E12-B309-BB3FDD723AC1/main838c.html]
[www.atuscontabeis.com.br/empresa.html]
[atuscontabeis.com.br/public/css/empresa.html]
[me.kis.v2.scr.kaspersky-labs.com/FD126C42-EBFA-4E12-B309-BB3FDD723AC1/mainc1a4.html]
[www.atuscontabeis.com.br/documentos.html]
[atuscontabeis.com.br/public/css/documentos.html]
[me.kis.v2.scr.kaspersky-labs.com/FD126C42-EBFA-4E12-B309-BB3FDD723AC1/main3651.html]
[www.atuscontabeis.com.br/contato.html]
[atuscontabeis.com.br/public/css/contato.html]
[me.kis.v2.scr.kaspersky-labs.com/FD126C42-EBFA-4E12-B309-BB3FDD723AC1/main6005.js]
