[atuscontabeis.com.br/index.html]
[atuscontabeis.com.br/servicos.html]
[atuscontabeis.com.br/equipe.html]
[atuscontabeis.com.br/empresa.html]
[atuscontabeis.com.br/documentos.html]
[backblue.gif]
[fade.gif]
[index.html]
[atuscontabeis.com.br/contato.html]
[atuscontabeis.com.br/index.html]
[atuscontabeis.com.br/servicos.html]
[atuscontabeis.com.br/equipe.html]
[atuscontabeis.com.br/empresa.html]
[atuscontabeis.com.br/documentos.html]
[atuscontabeis.com.br/contato.html]
[cdn.jsdelivr.net/npm/bootstrap@5.3.3/dist/css/bootstrap.min.css]
[me.kis.v2.scr.kaspersky-labs.com/FD126C42-EBFA-4E12-B309-BB3FDD723AC1/main6005.js]
[me.kis.v2.scr.kaspersky-labs.com/FD126C42-EBFA-4E12-B309-BB3FDD723AC1/mainc1a4.js]
[me.kis.v2.scr.kaspersky-labs.com/FD126C42-EBFA-4E12-B309-BB3FDD723AC1/main2ae7.js]
[me.kis.v2.scr.kaspersky-labs.com/FD126C42-EBFA-4E12-B309-BB3FDD723AC1/main838c.js]
[me.kis.v2.scr.kaspersky-labs.com/FD126C42-EBFA-4E12-B309-BB3FDD723AC1/main3651.js]
[me.kis.v2.scr.kaspersky-labs.com/FD126C42-EBFA-4E12-B309-BB3FDD723AC1/main6ba3.js]
